[INFO] 2025-05-08 00:36:21 - [INFO] Log File a été vidé. Demandé par nythique
[INFO] 2025-05-08 00:36:21 - [INFO] Captured QR File a été vidé. Demandé par nythique
[INFO] 2025-05-08 00:36:22 - [INFO] Chargement de la base de connaissances...
[INFO] 2025-05-08 00:36:22 - [INFO] Initialisation des modèles TF-IDF et SBERT...
[INFO] 2025-05-08 00:36:22 - Use pytorch device_name: cpu
[INFO] 2025-05-08 00:36:22 - Load pretrained SentenceTransformer: paraphrase-multilingual-MiniLM-L12-v2
[INFO] 2025-05-08 00:36:25 - [INFO] Changement de statut en cours...
[INFO] 2025-05-08 00:36:30 - [INFO] Changement de statut en cours...
[INFO] 2025-05-08 00:36:35 - [INFO] Changement de statut en cours...
[INFO] 2025-05-08 00:36:40 - [INFO] Changement de statut en cours...
[INFO] 2025-05-08 00:36:42 - [INFO] HybridNLPEngine initialisé avec succès.
[WARNING] 2025-05-08 00:36:42 - PyNaCl is not installed, voice will NOT be supported
[INFO] 2025-05-08 00:36:45 - [INFO] Changement de statut en cours...
[INFO] 2025-05-08 00:36:48 - [INFO] Connexion à l'API discord
[INFO] 2025-05-08 00:36:48 - logging in using static token
[INFO] 2025-05-08 00:36:50 - [INFO] Changement de statut en cours...
[INFO] 2025-05-08 00:36:51 - Shard ID None has connected to Gateway (Session ID: 1d70e844b56af74978c681535c0dd1f8).
[INFO] 2025-05-08 00:36:53 - [INFO] Changement de statut en cours...
[INFO] 2025-05-08 00:36:54 - [INFO] 4 commandes synchronisées avec succès !
[INFO] 2025-05-08 00:36:54 - [INFO] 1 serveurs connectés !
[INFO] 2025-05-08 00:36:54 - [INFO] Le bot est connecté en tant que PDL.AI (ID: 1294035883309142026) !
[INFO] 2025-05-08 00:36:54 - [INFO] En attente des messages...
[INFO] 2025-05-08 00:36:55 - [INFO] Changement de statut en cours...
[INFO] 2025-05-08 00:36:58 - [INFO] Changement de statut en cours...
[INFO] 2025-05-08 00:37:00 - [INFO] Changement de statut en cours...
[INFO] 2025-05-08 00:37:03 - [INFO] Changement de statut en cours...
[INFO] 2025-05-08 00:37:05 - [INFO] Changement de statut en cours...
[INFO] 2025-05-08 00:37:08 - [INFO] Changement de statut en cours...
[INFO] 2025-05-08 00:37:10 - [INFO] Changement de statut en cours...
[INFO] 2025-05-08 00:37:13 - [INFO] Changement de statut en cours...
[INFO] 2025-05-08 00:37:15 - [INFO] Changement de statut en cours...
[INFO] 2025-05-08 00:37:18 - [INFO] Une interaction est en cours dans le serveur
[INFO] 2025-05-08 00:37:18 - [INFO] Une interaction est en cours dans le serveur
[INFO] 2025-05-08 00:37:18 - [INFO] Changement de statut en cours...
[INFO] 2025-05-08 00:37:20 - [INFO] Changement de statut en cours...
[INFO] 2025-05-08 00:37:21 - [INFO] Question reçue : pdl
[INFO] 2025-05-08 00:37:21 - [INFO] Score TF-IDF : 1.0
[INFO] 2025-05-08 00:37:21 - [INFO] Réponse trouvée avec TF-IDF : Quoi??
[INFO] 2025-05-08 00:37:21 - [INFO] Score TF-IDF : 1.0
[INFO] 2025-05-08 00:37:21 - [INFO] Réponse trouvée avec TF-IDF : Quoi??
[INFO] 2025-05-08 00:37:23 - [INFO] Changement de statut en cours...
[INFO] 2025-05-08 00:37:25 - [INFO] Changement de statut en cours...
[INFO] 2025-05-08 00:37:28 - [INFO] Changement de statut en cours...
[INFO] 2025-05-08 00:37:30 - [INFO] Changement de statut en cours...
[INFO] 2025-05-08 00:37:33 - [INFO] Changement de statut en cours...
[INFO] 2025-05-08 00:37:35 - [INFO] Changement de statut en cours...
[INFO] 2025-05-08 00:37:38 - [INFO] Changement de statut en cours...
[INFO] 2025-05-08 00:37:40 - [INFO] Changement de statut en cours...
[INFO] 2025-05-08 00:37:43 - [INFO] Changement de statut en cours...
[INFO] 2025-05-08 00:37:45 - [INFO] Changement de statut en cours...
[INFO] 2025-05-08 00:37:48 - [INFO] Changement de statut en cours...
[INFO] 2025-05-08 00:37:50 - [INFO] Changement de statut en cours...
[INFO] 2025-05-08 00:37:53 - [INFO] Changement de statut en cours...
[INFO] 2025-05-08 00:37:55 - [INFO] Changement de statut en cours...
[INFO] 2025-05-08 00:37:58 - [INFO] Changement de statut en cours...
[INFO] 2025-05-08 00:38:00 - [INFO] Changement de statut en cours...
[INFO] 2025-05-08 00:38:03 - [INFO] Changement de statut en cours...
[INFO] 2025-05-08 00:38:05 - [INFO] Changement de statut en cours...
[INFO] 2025-05-08 00:38:08 - [INFO] Changement de statut en cours...
[INFO] 2025-05-08 00:38:10 - [INFO] Changement de statut en cours...
